This file contains any messages produced by compilers while
running configure, to aid debugging if configure makes a mistake.

configure:540: checking for less
configure:573: checking for gcc
configure:686: checking whether the C compiler (gcc  ) works
configure:702: gcc -o conftest    conftest.c  1>&5
configure:699:1: warning: type specifier missing, defaults to 'int' [-Wimplicit-int]
main(){return(0);}
^
1 warning generated.
configure:728: checking whether the C compiler (gcc  ) is a cross-compiler
configure:733: checking whether we are using GNU C
configure:742: gcc -E conftest.c
configure:761: checking whether gcc accepts -g
configure:796: checking whether gcc -Wall also needs -Wno-char-subscripts
configure:815: gcc -c -g -O2 -Wall -Werror  conftest.c 1>&5
configure:807:6: error: variable 'i' set but not used [-Werror,-Wunused-but-set-variable]
 int i; char c = '0';
     ^
1 error generated.
configure: failed program was:
#line 804 "configure"
#include "confdefs.h"
#include <ctype.h>
int main() {
 int i; char c = '0';
         i = isascii(c);
         i = isdigit(c);
         i = isprint(c);
       
; return 0; }
configure:832: checking whether gcc accepts -Wno-char-subscripts
configure:847: gcc -c -g -O2 -Wno-char-subscripts  conftest.c 1>&5
configure:864: checking whether gcc accepts -fno-builtin
configure:879: gcc -c -g -O2 -fno-builtin  conftest.c 1>&5
configure:912: checking for gethostbyaddr
configure:940: gcc -o conftest -g -O2   conftest.c  1>&5
configure:1001: checking for socket
configure:1029: gcc -o conftest -g -O2   conftest.c  1>&5
configure:1090: checking for malloc
configure:1118: gcc -o conftest -g -O2   conftest.c  1>&5
configure:1102:6: warning: incompatible redeclaration of library function 'malloc' [-Wincompatible-library-redeclaration]
char malloc();
     ^
configure:1102:6: note: 'malloc' is a builtin with type 'void *(unsigned long)'
1 warning generated.
configure:1186: checking for crypt
configure:1214: gcc -o conftest -g -O2   conftest.c  1>&5
ld.lld: error: undefined symbol: crypt
>>> referenced by configure:1208
>>>               /data/data/com.termux/files/usr/tmp/conftest-5a1966.o:(main)
clang-13: error: linker command failed with exit code 1 (use -v to see invocation)
configure: failed program was:
#line 1191 "configure"
#include "confdefs.h"
/* System header to define __stub macros and hopefully few prototypes,
    which can conflict with char crypt(); below.  */
#include <assert.h>
/* Override any gcc2 internal prototype to avoid an error.  */
/* We use char because int might match the return type of a gcc2
    builtin and then its argument prototype would still apply.  */
char crypt();

int main() {

/* The GNU C library defines this for functions which it implements
    to always fail with ENOSYS.  Some functions are actually named
    something starting with __ and the normal name is an alias.  */
#if defined (__stub_crypt) || defined (__stub___crypt)
choke me
#else
crypt();
#endif

; return 0; }
configure:1235: checking for crypt in -lcrypt
configure:1254: gcc -o conftest -g -O2   conftest.c -lcrypt   1>&5
configure:1282: checking how to run the C preprocessor
configure:1303: gcc -E  conftest.c >/dev/null 2>conftest.out
configure:1362: checking for ANSI C header files
configure:1375: gcc -E  conftest.c >/dev/null 2>conftest.out
configure:1442: gcc -o conftest -g -O2   conftest.c  1>&5
configure:1437:67: warning: implicitly declaring library function 'exit' with type 'void (int) __attribute__((noreturn))' [-Wimplicit-function-declaration]
if (XOR (islower (i), ISLOWER (i)) || toupper (i) != TOUPPER (i)) exit(2);
                                                                  ^
configure:1437:67: note: include the header <stdlib.h> or explicitly provide a declaration for 'exit'
1 warning generated.
configure:1466: checking for sys/wait.h that is POSIX.1 compatible
configure:1487: gcc -c -g -O2  conftest.c 1>&5
configure:1511: checking for fcntl.h
configure:1521: gcc -E  conftest.c >/dev/null 2>conftest.out
configure:1511: checking for sys/fcntl.h
configure:1521: gcc -E  conftest.c >/dev/null 2>conftest.out
configure:1511: checking for errno.h
configure:1521: gcc -E  conftest.c >/dev/null 2>conftest.out
configure:1511: checking for net/errno.h
configure:1521: gcc -E  conftest.c >/dev/null 2>conftest.out
configure:1517:10: fatal error: 'net/errno.h' file not found
#include <net/errno.h>
         ^~~~~~~~~~~~~
1 error generated.
configure: failed program was:
#line 1516 "configure"
#include "confdefs.h"
#include <net/errno.h>
configure:1511: checking for string.h
configure:1521: gcc -E  conftest.c >/dev/null 2>conftest.out
configure:1511: checking for strings.h
configure:1521: gcc -E  conftest.c >/dev/null 2>conftest.out
configure:1551: checking for limits.h
configure:1561: gcc -E  conftest.c >/dev/null 2>conftest.out
configure:1551: checking for sys/time.h
configure:1561: gcc -E  conftest.c >/dev/null 2>conftest.out
configure:1551: checking for sys/select.h
configure:1561: gcc -E  conftest.c >/dev/null 2>conftest.out
configure:1551: checking for sys/types.h
configure:1561: gcc -E  conftest.c >/dev/null 2>conftest.out
configure:1551: checking for unistd.h
configure:1561: gcc -E  conftest.c >/dev/null 2>conftest.out
configure:1591: checking for memory.h
configure:1601: gcc -E  conftest.c >/dev/null 2>conftest.out
configure:1591: checking for crypt.h
configure:1601: gcc -E  conftest.c >/dev/null 2>conftest.out
configure:1591: checking for assert.h
configure:1601: gcc -E  conftest.c >/dev/null 2>conftest.out
configure:1591: checking for arpa/telnet.h
configure:1601: gcc -E  conftest.c >/dev/null 2>conftest.out
configure:1591: checking for arpa/inet.h
configure:1601: gcc -E  conftest.c >/dev/null 2>conftest.out
configure:1631: checking for sys/stat.h
configure:1641: gcc -E  conftest.c >/dev/null 2>conftest.out
configure:1631: checking for sys/socket.h
configure:1641: gcc -E  conftest.c >/dev/null 2>conftest.out
configure:1631: checking for sys/resource.h
configure:1641: gcc -E  conftest.c >/dev/null 2>conftest.out
configure:1631: checking for netinet/in.h
configure:1641: gcc -E  conftest.c >/dev/null 2>conftest.out
configure:1631: checking for netdb.h
configure:1641: gcc -E  conftest.c >/dev/null 2>conftest.out
configure:1671: checking for signal.h
configure:1681: gcc -E  conftest.c >/dev/null 2>conftest.out
configure:1671: checking for sys/uio.h
configure:1681: gcc -E  conftest.c >/dev/null 2>conftest.out
configure:1671: checking for mcheck.h
configure:1681: gcc -E  conftest.c >/dev/null 2>conftest.out
configure:1677:10: fatal error: 'mcheck.h' file not found
#include <mcheck.h>
         ^~~~~~~~~~
1 error generated.
configure: failed program was:
#line 1676 "configure"
#include "confdefs.h"
#include <mcheck.h>
configure:1710: checking whether crypt needs over 10 characters
configure:1749: gcc -o conftest -g -O2   conftest.c -lcrypt  1>&5
configure:1742:5: warning: implicitly declaring library function 'exit' with type 'void (int) __attribute__((noreturn))' [-Wimplicit-function-declaration]
    exit(0);
    ^
configure:1742:5: note: include the header <stdlib.h> or explicitly provide a declaration for 'exit'
1 warning generated.
configure: failed program was:
#line 1726 "configure"
#include "confdefs.h"

#define _XOPEN_SOURCE
#include <string.h>
#include <unistd.h>
#include <crypt.h>

int main(void)
{
  char pwd[11], pwd2[11];

  strncpy(pwd, (char *)crypt("FooBar", "BazQux"), 10);
  pwd[10] = '\0';
  strncpy(pwd2, (char *)crypt("xyzzy", "BazQux"), 10);
  pwd2[10] = '\0';
  if (strcmp(pwd, pwd2) == 0)
    exit(0);
  exit(1);
}


configure:1776: checking for working const
configure:1830: gcc -c -g -O2  conftest.c 1>&5
configure:1851: checking for pid_t
configure:1884: checking for size_t
configure:1917: checking for ssize_t
configure:1950: checking whether time.h and sys/time.h may both be included
configure:1964: gcc -c -g -O2  conftest.c 1>&5
configure:1999: checking for struct in_addr
configure:2011: gcc -c -g -O2  conftest.c 1>&5
configure:2008:23: warning: expression result unused [-Wunused-value]
struct in_addr tp; tp.s_addr;
                   ~~ ^~~~~~
1 warning generated.
configure:2038: checking for typedef socklen_t
configure:2050: gcc -c -g -O2  conftest.c 1>&5
configure:2074: checking return type of signal handlers
configure:2096: gcc -c -g -O2  conftest.c 1>&5
configure:2115: checking for vprintf
configure:2143: gcc -o conftest -g -O2   conftest.c  1>&5
configure:2127:6: warning: incompatible redeclaration of library function 'vprintf' [-Wincompatible-library-redeclaration]
char vprintf();
     ^
configure:2127:6: note: 'vprintf' is a builtin with type 'int (const char *, __builtin_va_list)'
1 warning generated.
configure:2222: checking for gettimeofday
configure:2250: gcc -o conftest -g -O2   conftest.c  1>&5
configure:2222: checking for select
configure:2250: gcc -o conftest -g -O2   conftest.c  1>&5
configure:2222: checking for snprintf
configure:2250: gcc -o conftest -g -O2   conftest.c  1>&5
configure:2234:6: warning: incompatible redeclaration of library function 'snprintf' [-Wincompatible-library-redeclaration]
char snprintf();
     ^
configure:2234:6: note: 'snprintf' is a builtin with type 'int (char *, unsigned long, const char *, ...)'
1 warning generated.
configure:2222: checking for strcasecmp
configure:2250: gcc -o conftest -g -O2   conftest.c  1>&5
configure:2234:6: warning: incompatible redeclaration of library function 'strcasecmp' [-Wincompatible-library-redeclaration]
char strcasecmp();
     ^
configure:2234:6: note: 'strcasecmp' is a builtin with type 'int (const char *, const char *)'
1 warning generated.
configure:2222: checking for strdup
configure:2250: gcc -o conftest -g -O2   conftest.c  1>&5
configure:2234:6: warning: incompatible redeclaration of library function 'strdup' [-Wincompatible-library-redeclaration]
char strdup();
     ^
configure:2234:6: note: 'strdup' is a builtin with type 'char *(const char *)'
1 warning generated.
configure:2222: checking for strerror
configure:2250: gcc -o conftest -g -O2   conftest.c  1>&5
configure:2234:6: warning: incompatible redeclaration of library function 'strerror' [-Wincompatible-library-redeclaration]
char strerror();
     ^
configure:2234:6: note: 'strerror' is a builtin with type 'char *(int)'
1 warning generated.
configure:2222: checking for stricmp
configure:2250: gcc -o conftest -g -O2   conftest.c  1>&5
ld.lld: error: undefined symbol: stricmp
>>> referenced by configure:2244
>>>               /data/data/com.termux/files/usr/tmp/conftest-c1de79.o:(main)
>>> did you mean: strncmp
>>> defined in: /system/lib64/libc.so
clang-13: error: linker command failed with exit code 1 (use -v to see invocation)
configure: failed program was:
#line 2227 "configure"
#include "confdefs.h"
/* System header to define __stub macros and hopefully few prototypes,
    which can conflict with char stricmp(); below.  */
#include <assert.h>
/* Override any gcc2 internal prototype to avoid an error.  */
/* We use char because int might match the return type of a gcc2
    builtin and then its argument prototype would still apply.  */
char stricmp();

int main() {

/* The GNU C library defines this for functions which it implements
    to always fail with ENOSYS.  Some functions are actually named
    something starting with __ and the normal name is an alias.  */
#if defined (__stub_stricmp) || defined (__stub___stricmp)
choke me
#else
stricmp();
#endif

; return 0; }
configure:2222: checking for strlcpy
configure:2250: gcc -o conftest -g -O2   conftest.c  1>&5
configure:2234:6: warning: incompatible redeclaration of library function 'strlcpy' [-Wincompatible-library-redeclaration]
char strlcpy();
     ^
configure:2234:6: note: 'strlcpy' is a builtin with type 'unsigned long (char *, const char *, unsigned long)'
1 warning generated.
configure:2222: checking for strncasecmp
configure:2250: gcc -o conftest -g -O2   conftest.c  1>&5
configure:2234:6: warning: incompatible redeclaration of library function 'strncasecmp' [-Wincompatible-library-redeclaration]
char strncasecmp();
     ^
configure:2234:6: note: 'strncasecmp' is a builtin with type 'int (const char *, const char *, unsigned long)'
1 warning generated.
configure:2222: checking for strnicmp
configure:2250: gcc -o conftest -g -O2   conftest.c  1>&5
ld.lld: error: undefined symbol: strnicmp
>>> referenced by configure:2244
>>>               /data/data/com.termux/files/usr/tmp/conftest-f34179.o:(main)
>>> did you mean: strncmp
>>> defined in: /system/lib64/libc.so
clang-13: error: linker command failed with exit code 1 (use -v to see invocation)
configure: failed program was:
#line 2227 "configure"
#include "confdefs.h"
/* System header to define __stub macros and hopefully few prototypes,
    which can conflict with char strnicmp(); below.  */
#include <assert.h>
/* Override any gcc2 internal prototype to avoid an error.  */
/* We use char because int might match the return type of a gcc2
    builtin and then its argument prototype would still apply.  */
char strnicmp();

int main() {

/* The GNU C library defines this for functions which it implements
    to always fail with ENOSYS.  Some functions are actually named
    something starting with __ and the normal name is an alias.  */
#if defined (__stub_strnicmp) || defined (__stub___strnicmp)
choke me
#else
strnicmp();
#endif

; return 0; }
configure:2222: checking for strstr
configure:2250: gcc -o conftest -g -O2   conftest.c  1>&5
configure:2234:6: warning: incompatible redeclaration of library function 'strstr' [-Wincompatible-library-redeclaration]
char strstr();
     ^
configure:2234:6: note: 'strstr' is a builtin with type 'char *(const char *, const char *)'
1 warning generated.
configure:2222: checking for vsnprintf
configure:2250: gcc -o conftest -g -O2   conftest.c  1>&5
configure:2234:6: warning: incompatible redeclaration of library function 'vsnprintf' [-Wincompatible-library-redeclaration]
char vsnprintf();
     ^
configure:2234:6: note: 'vsnprintf' is a builtin with type 'int (char *, unsigned long, const char *, __builtin_va_list)'
1 warning generated.
configure:2280: checking for inet_addr
configure:2308: gcc -o conftest -g -O2   conftest.c   1>&5
configure:2280: checking for inet_aton
configure:2308: gcc -o conftest -g -O2   conftest.c   1>&5
configure:2338: checking if accept is prototyped
configure:2364: gcc -c -g -O2 -fno-builtin  conftest.c 1>&5
configure:2357:6: error: conflicting types for 'accept'
void accept(int a, char b, int c, char d, int e, char f, int g, char h);
     ^
/data/data/com.termux/files/usr/include/sys/socket.h:305:18: note: previous declaration is here
__socketcall int accept(int __fd, struct sockaddr* __addr, socklen_t* __addr_length);
                 ^
1 error generated.
configure: failed program was:
#line 2348 "configure"
#include "confdefs.h"

#define NO_LIBRARY_PROTOTYPES
#define __COMM_C__
#define __ACT_OTHER_C__
#include "src/sysdep.h"
#ifdef accept
  error - already defined!
#endif
void accept(int a, char b, int c, char d, int e, char f, int g, char h);

int main() {

; return 0; }
configure:2395: checking if atoi is prototyped
configure:2421: gcc -c -g -O2 -fno-builtin  conftest.c 1>&5
configure:2414:6: error: conflicting types for 'atoi'
void atoi(int a, char b, int c, char d, int e, char f, int g, char h);
     ^
/data/data/com.termux/files/usr/include/stdlib.h:118:5: note: previous declaration is here
int atoi(const char* __s) __attribute_pure__;
    ^
1 error generated.
configure: failed program was:
#line 2405 "configure"
#include "confdefs.h"

#define NO_LIBRARY_PROTOTYPES
#define __COMM_C__
#define __ACT_OTHER_C__
#include "src/sysdep.h"
#ifdef atoi
  error - already defined!
#endif
void atoi(int a, char b, int c, char d, int e, char f, int g, char h);

int main() {

; return 0; }
configure:2452: checking if atol is prototyped
configure:2478: gcc -c -g -O2 -fno-builtin  conftest.c 1>&5
configure:2471:6: error: conflicting types for 'atol'
void atol(int a, char b, int c, char d, int e, char f, int g, char h);
     ^
/data/data/com.termux/files/usr/include/stdlib.h:119:6: note: previous declaration is here
long atol(const char* __s) __attribute_pure__;
     ^
1 error generated.
configure: failed program was:
#line 2462 "configure"
#include "confdefs.h"

#define NO_LIBRARY_PROTOTYPES
#define __COMM_C__
#define __ACT_OTHER_C__
#include "src/sysdep.h"
#ifdef atol
  error - already defined!
#endif
void atol(int a, char b, int c, char d, int e, char f, int g, char h);

int main() {

; return 0; }
configure:2509: checking if bind is prototyped
configure:2535: gcc -c -g -O2 -fno-builtin  conftest.c 1>&5
configure:2528:6: error: conflicting types for 'bind'
void bind(int a, char b, int c, char d, int e, char f, int g, char h);
     ^
/data/data/com.termux/files/usr/include/sys/socket.h:311:18: note: previous declaration is here
__socketcall int bind(int __fd, const struct sockaddr* __addr, socklen_t __addr_length);
                 ^
1 error generated.
configure: failed program was:
#line 2519 "configure"
#include "confdefs.h"

#define NO_LIBRARY_PROTOTYPES
#define __COMM_C__
#define __ACT_OTHER_C__
#include "src/sysdep.h"
#ifdef bind
  error - already defined!
#endif
void bind(int a, char b, int c, char d, int e, char f, int g, char h);

int main() {

; return 0; }
configure:2566: checking if bzero is prototyped
configure:2592: gcc -c -g -O2 -fno-builtin  conftest.c 1>&5
configure:2583:3: error: unknown type name 'error'
  error - already defined!
  ^
configure:2583:9: error: expected identifier or '('
  error - already defined!
        ^
configure:2585:27: error: too many arguments provided to function-like macro invocation
void bzero(int a, char b, int c, char d, int e, char f, int g, char h);
                          ^
/data/data/com.termux/files/usr/include/strings.h:69:9: note: macro 'bzero' defined here
#define bzero(b, len) __bionic_bzero((b), (len))
        ^
3 errors generated.
configure: failed program was:
#line 2576 "configure"
#include "confdefs.h"

#define NO_LIBRARY_PROTOTYPES
#define __COMM_C__
#define __ACT_OTHER_C__
#include "src/sysdep.h"
#ifdef bzero
  error - already defined!
#endif
void bzero(int a, char b, int c, char d, int e, char f, int g, char h);

int main() {

; return 0; }
configure:2623: checking if chdir is prototyped
configure:2649: gcc -c -g -O2 -fno-builtin  conftest.c 1>&5
configure:2642:6: error: conflicting types for 'chdir'
void chdir(int a, char b, int c, char d, int e, char f, int g, char h);
     ^
/data/data/com.termux/files/usr/include/unistd.h:232:5: note: previous declaration is here
int chdir(const char* __path);
    ^
1 error generated.
configure: failed program was:
#line 2633 "configure"
#include "confdefs.h"

#define NO_LIBRARY_PROTOTYPES
#define __COMM_C__
#define __ACT_OTHER_C__
#include "src/sysdep.h"
#ifdef chdir
  error - already defined!
#endif
void chdir(int a, char b, int c, char d, int e, char f, int g, char h);

int main() {

; return 0; }
configure:2680: checking if close is prototyped
configure:2706: gcc -c -g -O2 -fno-builtin  conftest.c 1>&5
configure:2699:6: error: conflicting types for 'close'
void close(int a, char b, int c, char d, int e, char f, int g, char h);
     ^
/data/data/com.termux/files/usr/include/unistd.h:268:5: note: previous declaration is here
int close(int __fd);
    ^
1 error generated.
configure: failed program was:
#line 2690 "configure"
#include "confdefs.h"

#define NO_LIBRARY_PROTOTYPES
#define __COMM_C__
#define __ACT_OTHER_C__
#include "src/sysdep.h"
#ifdef close
  error - already defined!
#endif
void close(int a, char b, int c, char d, int e, char f, int g, char h);

int main() {

; return 0; }
configure:2737: checking if crypt is prototyped
configure:2763: gcc -c -g -O2 -fno-builtin  conftest.c 1>&5
configure:2756:6: error: conflicting types for 'crypt'
void crypt(int a, char b, int c, char d, int e, char f, int g, char h);
     ^
/data/data/com.termux/files/usr/include/crypt.h:8:7: note: previous declaration is here
char* crypt(const char* key, const char* salt);
      ^
1 error generated.
configure: failed program was:
#line 2747 "configure"
#include "confdefs.h"

#define NO_LIBRARY_PROTOTYPES
#define __COMM_C__
#define __ACT_OTHER_C__
#include "src/sysdep.h"
#ifdef crypt
  error - already defined!
#endif
void crypt(int a, char b, int c, char d, int e, char f, int g, char h);

int main() {

; return 0; }
configure:2794: checking if fclose is prototyped
configure:2820: gcc -c -g -O2 -fno-builtin  conftest.c 1>&5
configure:2813:6: error: conflicting types for 'fclose'
void fclose(int a, char b, int c, char d, int e, char f, int g, char h);
     ^
/data/data/com.termux/files/usr/include/stdio.h:110:5: note: previous declaration is here
int fclose(FILE* __fp);
    ^
1 error generated.
configure: failed program was:
#line 2804 "configure"
#include "confdefs.h"

#define NO_LIBRARY_PROTOTYPES
#define __COMM_C__
#define __ACT_OTHER_C__
#include "src/sysdep.h"
#ifdef fclose
  error - already defined!
#endif
void fclose(int a, char b, int c, char d, int e, char f, int g, char h);

int main() {

; return 0; }
configure:2851: checking if fcntl is prototyped
configure:2877: gcc -c -g -O2 -fno-builtin  conftest.c 1>&5
configure:2870:6: error: conflicting types for 'fcntl'
void fcntl(int a, char b, int c, char d, int e, char f, int g, char h);
     ^
/data/data/com.termux/files/usr/include/bits/fcntl.h:46:5: note: previous declaration is here
int fcntl(int __fd, int __cmd, ...);
    ^
1 error generated.
configure: failed program was:
#line 2861 "configure"
#include "confdefs.h"

#define NO_LIBRARY_PROTOTYPES
#define __COMM_C__
#define __ACT_OTHER_C__
#include "src/sysdep.h"
#ifdef fcntl
  error - already defined!
#endif
void fcntl(int a, char b, int c, char d, int e, char f, int g, char h);

int main() {

; return 0; }
configure:2908: checking if fflush is prototyped
configure:2934: gcc -c -g -O2 -fno-builtin  conftest.c 1>&5
configure:2927:6: error: conflicting types for 'fflush'
void fflush(int a, char b, int c, char d, int e, char f, int g, char h);
     ^
/data/data/com.termux/files/usr/include/stdio.h:113:5: note: previous declaration is here
int fflush(FILE* __fp);
    ^
1 error generated.
configure: failed program was:
#line 2918 "configure"
#include "confdefs.h"

#define NO_LIBRARY_PROTOTYPES
#define __COMM_C__
#define __ACT_OTHER_C__
#include "src/sysdep.h"
#ifdef fflush
  error - already defined!
#endif
void fflush(int a, char b, int c, char d, int e, char f, int g, char h);

int main() {

; return 0; }
configure:2965: checking if fprintf is prototyped
configure:2991: gcc -c -g -O2 -fno-builtin  conftest.c 1>&5
configure:2984:6: error: conflicting types for 'fprintf'
void fprintf(int a, char b, int c, char d, int e, char f, int g, char h);
     ^
/data/data/com.termux/files/usr/include/stdio.h:116:5: note: previous declaration is here
int fprintf(FILE* __fp , const char* __fmt, ...) __printflike(2, 3);
    ^
1 error generated.
configure: failed program was:
#line 2975 "configure"
#include "confdefs.h"

#define NO_LIBRARY_PROTOTYPES
#define __COMM_C__
#define __ACT_OTHER_C__
#include "src/sysdep.h"
#ifdef fprintf
  error - already defined!
#endif
void fprintf(int a, char b, int c, char d, int e, char f, int g, char h);

int main() {

; return 0; }
configure:3022: checking if fputc is prototyped
configure:3048: gcc -c -g -O2 -fno-builtin  conftest.c 1>&5
configure:3041:6: error: conflicting types for 'fputc'
void fputc(int a, char b, int c, char d, int e, char f, int g, char h);
     ^
/data/data/com.termux/files/usr/include/stdio.h:117:5: note: previous declaration is here
int fputc(int __ch, FILE* __fp);
    ^
1 error generated.
configure: failed program was:
#line 3032 "configure"
#include "confdefs.h"

#define NO_LIBRARY_PROTOTYPES
#define __COMM_C__
#define __ACT_OTHER_C__
#include "src/sysdep.h"
#ifdef fputc
  error - already defined!
#endif
void fputc(int a, char b, int c, char d, int e, char f, int g, char h);

int main() {

; return 0; }
configure:3079: checking if fputs is prototyped
configure:3105: gcc -c -g -O2 -fno-builtin  conftest.c 1>&5
configure:3098:6: error: conflicting types for 'fputs'
void fputs(int a, char b, int c, char d, int e, char f, int g, char h);
     ^
/data/data/com.termux/files/usr/include/stdio.h:118:5: note: previous declaration is here
int fputs(const char* __s, FILE* __fp);
    ^
1 error generated.
configure: failed program was:
#line 3089 "configure"
#include "confdefs.h"

#define NO_LIBRARY_PROTOTYPES
#define __COMM_C__
#define __ACT_OTHER_C__
#include "src/sysdep.h"
#ifdef fputs
  error - already defined!
#endif
void fputs(int a, char b, int c, char d, int e, char f, int g, char h);

int main() {

; return 0; }
configure:3136: checking if fread is prototyped
configure:3162: gcc -c -g -O2 -fno-builtin  conftest.c 1>&5
configure:3155:6: error: conflicting types for 'fread'
void fread(int a, char b, int c, char d, int e, char f, int g, char h);
     ^
/data/data/com.termux/files/usr/include/stdio.h:119:8: note: previous declaration is here
size_t fread(void* __buf, size_t __size, size_t __count, FILE* __fp);
       ^
1 error generated.
configure: failed program was:
#line 3146 "configure"
#include "confdefs.h"

#define NO_LIBRARY_PROTOTYPES
#define __COMM_C__
#define __ACT_OTHER_C__
#include "src/sysdep.h"
#ifdef fread
  error - already defined!
#endif
void fread(int a, char b, int c, char d, int e, char f, int g, char h);

int main() {

; return 0; }
configure:3193: checking if fscanf is prototyped
configure:3219: gcc -c -g -O2 -fno-builtin  conftest.c 1>&5
configure:3212:6: error: conflicting types for 'fscanf'
void fscanf(int a, char b, int c, char d, int e, char f, int g, char h);
     ^
/data/data/com.termux/files/usr/include/stdio.h:120:5: note: previous declaration is here
int fscanf(FILE* __fp, const char* __fmt, ...) __scanflike(2, 3);
    ^
1 error generated.
configure: failed program was:
#line 3203 "configure"
#include "confdefs.h"

#define NO_LIBRARY_PROTOTYPES
#define __COMM_C__
#define __ACT_OTHER_C__
#include "src/sysdep.h"
#ifdef fscanf
  error - already defined!
#endif
void fscanf(int a, char b, int c, char d, int e, char f, int g, char h);

int main() {

; return 0; }
configure:3250: checking if fseek is prototyped
configure:3276: gcc -c -g -O2 -fno-builtin  conftest.c 1>&5
configure:3269:6: error: conflicting types for 'fseek'
void fseek(int a, char b, int c, char d, int e, char f, int g, char h);
     ^
/data/data/com.termux/files/usr/include/stdio.h:226:5: note: previous declaration is here
int fseek(FILE* __fp, long __offset, int __whence);
    ^
1 error generated.
configure: failed program was:
#line 3260 "configure"
#include "confdefs.h"

#define NO_LIBRARY_PROTOTYPES
#define __COMM_C__
#define __ACT_OTHER_C__
#include "src/sysdep.h"
#ifdef fseek
  error - already defined!
#endif
void fseek(int a, char b, int c, char d, int e, char f, int g, char h);

int main() {

; return 0; }
configure:3307: checking if fwrite is prototyped
configure:3333: gcc -c -g -O2 -fno-builtin  conftest.c 1>&5
configure:3326:6: error: conflicting types for 'fwrite'
void fwrite(int a, char b, int c, char d, int e, char f, int g, char h);
     ^
/data/data/com.termux/files/usr/include/stdio.h:121:8: note: previous declaration is here
size_t fwrite(const void* __buf, size_t __size, size_t __count, FILE* __fp);
       ^
1 error generated.
configure: failed program was:
#line 3317 "configure"
#include "confdefs.h"

#define NO_LIBRARY_PROTOTYPES
#define __COMM_C__
#define __ACT_OTHER_C__
#include "src/sysdep.h"
#ifdef fwrite
  error - already defined!
#endif
void fwrite(int a, char b, int c, char d, int e, char f, int g, char h);

int main() {

; return 0; }
configure:3364: checking if getpeername is prototyped
configure:3390: gcc -c -g -O2 -fno-builtin  conftest.c 1>&5
configure:3383:6: error: conflicting types for 'getpeername'
void getpeername(int a, char b, int c, char d, int e, char f, int g, char h);
     ^
/data/data/com.termux/files/usr/include/sys/socket.h:313:18: note: previous declaration is here
__socketcall int getpeername(int __fd, struct sockaddr* __addr, socklen_t* __addr_length);
                 ^
1 error generated.
configure: failed program was:
#line 3374 "configure"
#include "confdefs.h"

#define NO_LIBRARY_PROTOTYPES
#define __COMM_C__
#define __ACT_OTHER_C__
#include "src/sysdep.h"
#ifdef getpeername
  error - already defined!
#endif
void getpeername(int a, char b, int c, char d, int e, char f, int g, char h);

int main() {

; return 0; }
configure:3421: checking if getpid is prototyped
configure:3447: gcc -c -g -O2 -fno-builtin  conftest.c 1>&5
configure:3440:6: error: conflicting types for 'getpid'
void getpid(int a, char b, int c, char d, int e, char f, int g, char h);
     ^
/data/data/com.termux/files/usr/include/unistd.h:82:8: note: previous declaration is here
pid_t  getpid(void);
       ^
1 error generated.
configure: failed program was:
#line 3431 "configure"
#include "confdefs.h"

#define NO_LIBRARY_PROTOTYPES
#define __COMM_C__
#define __ACT_OTHER_C__
#include "src/sysdep.h"
#ifdef getpid
  error - already defined!
#endif
void getpid(int a, char b, int c, char d, int e, char f, int g, char h);

int main() {

; return 0; }
configure:3478: checking if getrlimit is prototyped
configure:3504: gcc -c -g -O2 -fno-builtin  conftest.c 1>&5
configure:3497:6: error: conflicting types for 'getrlimit'
void getrlimit(int a, char b, int c, char d, int e, char f, int g, char h);
     ^
/data/data/com.termux/files/usr/include/sys/resource.h:45:5: note: previous declaration is here
int getrlimit(int __resource, struct rlimit* __limit);
    ^
1 error generated.
configure: failed program was:
#line 3488 "configure"
#include "confdefs.h"

#define NO_LIBRARY_PROTOTYPES
#define __COMM_C__
#define __ACT_OTHER_C__
#include "src/sysdep.h"
#ifdef getrlimit
  error - already defined!
#endif
void getrlimit(int a, char b, int c, char d, int e, char f, int g, char h);

int main() {

; return 0; }
configure:3535: checking if getsockname is prototyped
configure:3561: gcc -c -g -O2 -fno-builtin  conftest.c 1>&5
configure:3554:6: error: conflicting types for 'getsockname'
void getsockname(int a, char b, int c, char d, int e, char f, int g, char h);
     ^
/data/data/com.termux/files/usr/include/sys/socket.h:314:18: note: previous declaration is here
__socketcall int getsockname(int __fd, struct sockaddr* __addr, socklen_t* __addr_length);
                 ^
1 error generated.
configure: failed program was:
#line 3545 "configure"
#include "confdefs.h"

#define NO_LIBRARY_PROTOTYPES
#define __COMM_C__
#define __ACT_OTHER_C__
#include "src/sysdep.h"
#ifdef getsockname
  error - already defined!
#endif
void getsockname(int a, char b, int c, char d, int e, char f, int g, char h);

int main() {

; return 0; }
configure:3592: checking if gettimeofday is prototyped
configure:3618: gcc -c -g -O2 -fno-builtin  conftest.c 1>&5
configure:3611:6: error: conflicting types for 'gettimeofday'
void gettimeofday(int a, char b, int c, char d, int e, char f, int g, char h);
     ^
/data/data/com.termux/files/usr/include/sys/time.h:41:5: note: previous declaration is here
int gettimeofday(struct timeval* __tv, struct timezone* __tz);
    ^
1 error generated.
configure: failed program was:
#line 3602 "configure"
#include "confdefs.h"

#define NO_LIBRARY_PROTOTYPES
#define __COMM_C__
#define __ACT_OTHER_C__
#include "src/sysdep.h"
#ifdef gettimeofday
  error - already defined!
#endif
void gettimeofday(int a, char b, int c, char d, int e, char f, int g, char h);

int main() {

; return 0; }
configure:3649: checking if htonl is prototyped
configure:3675: gcc -c -g -O2 -fno-builtin  conftest.c 1>&5
configure:3666:3: error: unknown type name 'error'
  error - already defined!
  ^
configure:3666:9: error: expected identifier or '('
  error - already defined!
        ^
configure:3668:19: error: too many arguments provided to function-like macro invocation
void htonl(int a, char b, int c, char d, int e, char f, int g, char h);
                  ^
/data/data/com.termux/files/usr/include/sys/endian.h:62:9: note: macro 'htonl' defined here
#define htonl(x) __swap32(x)
        ^
3 errors generated.
configure: failed program was:
#line 3659 "configure"
#include "confdefs.h"

#define NO_LIBRARY_PROTOTYPES
#define __COMM_C__
#define __ACT_OTHER_C__
#include "src/sysdep.h"
#ifdef htonl
  error - already defined!
#endif
void htonl(int a, char b, int c, char d, int e, char f, int g, char h);

int main() {

; return 0; }
configure:3706: checking if htons is prototyped
configure:3732: gcc -c -g -O2 -fno-builtin  conftest.c 1>&5
configure:3723:3: error: unknown type name 'error'
  error - already defined!
  ^
configure:3723:9: error: expected identifier or '('
  error - already defined!
        ^
configure:3725:19: error: too many arguments provided to function-like macro invocation
void htons(int a, char b, int c, char d, int e, char f, int g, char h);
                  ^
/data/data/com.termux/files/usr/include/sys/endian.h:63:9: note: macro 'htons' defined here
#define htons(x) __swap16(x)
        ^
3 errors generated.
configure: failed program was:
#line 3716 "configure"
#include "confdefs.h"

#define NO_LIBRARY_PROTOTYPES
#define __COMM_C__
#define __ACT_OTHER_C__
#include "src/sysdep.h"
#ifdef htons
  error - already defined!
#endif
void htons(int a, char b, int c, char d, int e, char f, int g, char h);

int main() {

; return 0; }
configure:3763: checking if inet_addr is prototyped
configure:3789: gcc -c -g -O2 -fno-builtin  conftest.c 1>&5
configure:3782:6: error: conflicting types for 'inet_addr'
void inet_addr(int a, char b, int c, char d, int e, char f, int g, char h);
     ^
/data/data/com.termux/files/usr/include/arpa/inet.h:39:11: note: previous declaration is here
in_addr_t inet_addr(const char* __s);
          ^
1 error generated.
configure: failed program was:
#line 3773 "configure"
#include "confdefs.h"

#define NO_LIBRARY_PROTOTYPES
#define __COMM_C__
#define __ACT_OTHER_C__
#include "src/sysdep.h"
#ifdef inet_addr
  error - already defined!
#endif
void inet_addr(int a, char b, int c, char d, int e, char f, int g, char h);

int main() {

; return 0; }
configure:3820: checking if inet_aton is prototyped
configure:3846: gcc -c -g -O2 -fno-builtin  conftest.c 1>&5
configure:3839:6: error: conflicting types for 'inet_aton'
void inet_aton(int a, char b, int c, char d, int e, char f, int g, char h);
     ^
/data/data/com.termux/files/usr/include/arpa/inet.h:40:5: note: previous declaration is here
int inet_aton(const char* __s, struct in_addr* __addr);
    ^
1 error generated.
configure: failed program was:
#line 3830 "configure"
#include "confdefs.h"

#define NO_LIBRARY_PROTOTYPES
#define __COMM_C__
#define __ACT_OTHER_C__
#include "src/sysdep.h"
#ifdef inet_aton
  error - already defined!
#endif
void inet_aton(int a, char b, int c, char d, int e, char f, int g, char h);

int main() {

; return 0; }
configure:3877: checking if inet_ntoa is prototyped
configure:3903: gcc -c -g -O2 -fno-builtin  conftest.c 1>&5
configure:3896:6: error: conflicting types for 'inet_ntoa'
void inet_ntoa(int a, char b, int c, char d, int e, char f, int g, char h);
     ^
/data/data/com.termux/files/usr/include/arpa/inet.h:49:7: note: previous declaration is here
char* inet_ntoa(struct in_addr __addr);
      ^
1 error generated.
configure: failed program was:
#line 3887 "configure"
#include "confdefs.h"

#define NO_LIBRARY_PROTOTYPES
#define __COMM_C__
#define __ACT_OTHER_C__
#include "src/sysdep.h"
#ifdef inet_ntoa
  error - already defined!
#endif
void inet_ntoa(int a, char b, int c, char d, int e, char f, int g, char h);

int main() {

; return 0; }
configure:3934: checking if listen is prototyped
configure:3960: gcc -c -g -O2 -fno-builtin  conftest.c 1>&5
configure:3953:6: error: conflicting types for 'listen'
void listen(int a, char b, int c, char d, int e, char f, int g, char h);
     ^
/data/data/com.termux/files/usr/include/sys/socket.h:316:18: note: previous declaration is here
__socketcall int listen(int __fd, int __backlog);
                 ^
1 error generated.
configure: failed program was:
#line 3944 "configure"
#include "confdefs.h"

#define NO_LIBRARY_PROTOTYPES
#define __COMM_C__
#define __ACT_OTHER_C__
#include "src/sysdep.h"
#ifdef listen
  error - already defined!
#endif
void listen(int a, char b, int c, char d, int e, char f, int g, char h);

int main() {

; return 0; }
configure:3991: checking if ntohl is prototyped
configure:4017: gcc -c -g -O2 -fno-builtin  conftest.c 1>&5
configure:4008:3: error: unknown type name 'error'
  error - already defined!
  ^
configure:4008:9: error: expected identifier or '('
  error - already defined!
        ^
configure:4010:19: error: too many arguments provided to function-like macro invocation
void ntohl(int a, char b, int c, char d, int e, char f, int g, char h);
                  ^
/data/data/com.termux/files/usr/include/sys/endian.h:64:9: note: macro 'ntohl' defined here
#define ntohl(x) __swap32(x)
        ^
3 errors generated.
configure: failed program was:
#line 4001 "configure"
#include "confdefs.h"

#define NO_LIBRARY_PROTOTYPES
#define __COMM_C__
#define __ACT_OTHER_C__
#include "src/sysdep.h"
#ifdef ntohl
  error - already defined!
#endif
void ntohl(int a, char b, int c, char d, int e, char f, int g, char h);

int main() {

; return 0; }
configure:4048: checking if perror is prototyped
configure:4074: gcc -c -g -O2 -fno-builtin  conftest.c 1>&5
configure:4067:6: error: conflicting types for 'perror'
void perror(int a, char b, int c, char d, int e, char f, int g, char h);
     ^
/data/data/com.termux/files/usr/include/stdio.h:131:6: note: previous declaration is here
void perror(const char* __msg);
     ^
1 error generated.
configure: failed program was:
#line 4058 "configure"
#include "confdefs.h"

#define NO_LIBRARY_PROTOTYPES
#define __COMM_C__
#define __ACT_OTHER_C__
#include "src/sysdep.h"
#ifdef perror
  error - already defined!
#endif
void perror(int a, char b, int c, char d, int e, char f, int g, char h);

int main() {

; return 0; }
configure:4105: checking if printf is prototyped
configure:4131: gcc -c -g -O2 -fno-builtin  conftest.c 1>&5
configure:4124:6: error: conflicting types for 'printf'
void printf(int a, char b, int c, char d, int e, char f, int g, char h);
     ^
/data/data/com.termux/files/usr/include/stdio.h:132:5: note: previous declaration is here
int printf(const char* __fmt, ...) __printflike(1, 2);
    ^
1 error generated.
configure: failed program was:
#line 4115 "configure"
#include "confdefs.h"

#define NO_LIBRARY_PROTOTYPES
#define __COMM_C__
#define __ACT_OTHER_C__
#include "src/sysdep.h"
#ifdef printf
  error - already defined!
#endif
void printf(int a, char b, int c, char d, int e, char f, int g, char h);

int main() {

; return 0; }
configure:4162: checking if qsort is prototyped
configure:4188: gcc -c -g -O2 -fno-builtin  conftest.c 1>&5
configure:4181:6: error: conflicting types for 'qsort'
void qsort(int a, char b, int c, char d, int e, char f, int g, char h);
     ^
/data/data/com.termux/files/usr/include/stdlib.h:127:6: note: previous declaration is here
void qsort(void* __base, size_t __nmemb, size_t __size, int (*__comparator)(const void* __lhs, const void* __rhs));
     ^
1 error generated.
configure: failed program was:
#line 4172 "configure"
#include "confdefs.h"

#define NO_LIBRARY_PROTOTYPES
#define __COMM_C__
#define __ACT_OTHER_C__
#include "src/sysdep.h"
#ifdef qsort
  error - already defined!
#endif
void qsort(int a, char b, int c, char d, int e, char f, int g, char h);

int main() {

; return 0; }
configure:4219: checking if read is prototyped
configure:4245: gcc -c -g -O2 -fno-builtin  conftest.c 1>&5
configure:4238:6: error: conflicting types for 'read'
void read(int a, char b, int c, char d, int e, char f, int g, char h);
     ^
/data/data/com.termux/files/usr/include/unistd.h:270:9: note: previous declaration is here
ssize_t read(int __fd, void* __buf, size_t __count);
        ^
1 error generated.
configure: failed program was:
#line 4229 "configure"
#include "confdefs.h"

#define NO_LIBRARY_PROTOTYPES
#define __COMM_C__
#define __ACT_OTHER_C__
#include "src/sysdep.h"
#ifdef read
  error - already defined!
#endif
void read(int a, char b, int c, char d, int e, char f, int g, char h);

int main() {

; return 0; }
configure:4276: checking if remove is prototyped
configure:4302: gcc -c -g -O2 -fno-builtin  conftest.c 1>&5
configure:4295:6: error: conflicting types for 'remove'
void remove(int a, char b, int c, char d, int e, char f, int g, char h);
     ^
/data/data/com.termux/files/usr/include/stdio.h:136:5: note: previous declaration is here
int remove(const char* __path);
    ^
1 error generated.
configure: failed program was:
#line 4286 "configure"
#include "confdefs.h"

#define NO_LIBRARY_PROTOTYPES
#define __COMM_C__
#define __ACT_OTHER_C__
#include "src/sysdep.h"
#ifdef remove
  error - already defined!
#endif
void remove(int a, char b, int c, char d, int e, char f, int g, char h);

int main() {

; return 0; }
configure:4333: checking if rewind is prototyped
configure:4359: gcc -c -g -O2 -fno-builtin  conftest.c 1>&5
configure:4352:6: error: conflicting types for 'rewind'
void rewind(int a, char b, int c, char d, int e, char f, int g, char h);
     ^
/data/data/com.termux/files/usr/include/stdio.h:137:6: note: previous declaration is here
void rewind(FILE* __fp);
     ^
1 error generated.
configure: failed program was:
#line 4343 "configure"
#include "confdefs.h"

#define NO_LIBRARY_PROTOTYPES
#define __COMM_C__
#define __ACT_OTHER_C__
#include "src/sysdep.h"
#ifdef rewind
  error - already defined!
#endif
void rewind(int a, char b, int c, char d, int e, char f, int g, char h);

int main() {

; return 0; }
configure:4390: checking if select is prototyped
configure:4416: gcc -c -g -O2 -fno-builtin  conftest.c 1>&5
configure:4409:6: error: conflicting types for 'select'
void select(int a, char b, int c, char d, int e, char f, int g, char h);
     ^
/data/data/com.termux/files/usr/include/sys/select.h:115:5: note: previous declaration is here
int select(int __max_fd_plus_one, fd_set* __read_fds, fd_set* __write_fds, fd_set* __exception_fds, struct timeval* __timeout);
    ^
1 error generated.
configure: failed program was:
#line 4400 "configure"
#include "confdefs.h"

#define NO_LIBRARY_PROTOTYPES
#define __COMM_C__
#define __ACT_OTHER_C__
#include "src/sysdep.h"
#ifdef select
  error - already defined!
#endif
void select(int a, char b, int c, char d, int e, char f, int g, char h);

int main() {

; return 0; }
configure:4447: checking if setitimer is prototyped
configure:4473: gcc -c -g -O2 -fno-builtin  conftest.c 1>&5
configure:4466:6: error: conflicting types for 'setitimer'
void setitimer(int a, char b, int c, char d, int e, char f, int g, char h);
     ^
/data/data/com.termux/files/usr/include/sys/time.h:45:5: note: previous declaration is here
int setitimer(int __which, const struct itimerval* __new_value, struct itimerval* __old_value);
    ^
1 error generated.
configure: failed program was:
#line 4457 "configure"
#include "confdefs.h"

#define NO_LIBRARY_PROTOTYPES
#define __COMM_C__
#define __ACT_OTHER_C__
#include "src/sysdep.h"
#ifdef setitimer
  error - already defined!
#endif
void setitimer(int a, char b, int c, char d, int e, char f, int g, char h);

int main() {

; return 0; }
configure:4504: checking if setrlimit is prototyped
configure:4530: gcc -c -g -O2 -fno-builtin  conftest.c 1>&5
configure:4523:6: error: conflicting types for 'setrlimit'
void setrlimit(int a, char b, int c, char d, int e, char f, int g, char h);
     ^
/data/data/com.termux/files/usr/include/sys/resource.h:46:5: note: previous declaration is here
int setrlimit(int __resource, const struct rlimit* __limit);
    ^
1 error generated.
configure: failed program was:
#line 4514 "configure"
#include "confdefs.h"

#define NO_LIBRARY_PROTOTYPES
#define __COMM_C__
#define __ACT_OTHER_C__
#include "src/sysdep.h"
#ifdef setrlimit
  error - already defined!
#endif
void setrlimit(int a, char b, int c, char d, int e, char f, int g, char h);

int main() {

; return 0; }
configure:4561: checking if setsockopt is prototyped
configure:4587: gcc -c -g -O2 -fno-builtin  conftest.c 1>&5
configure:4580:6: error: conflicting types for 'setsockopt'
void setsockopt(int a, char b, int c, char d, int e, char f, int g, char h);
     ^
/data/data/com.termux/files/usr/include/sys/socket.h:330:18: note: previous declaration is here
__socketcall int setsockopt(int __fd, int __level, int __option, const void* __value, socklen_t __value_length);
                 ^
1 error generated.
configure: failed program was:
#line 4571 "configure"
#include "confdefs.h"

#define NO_LIBRARY_PROTOTYPES
#define __COMM_C__
#define __ACT_OTHER_C__
#include "src/sysdep.h"
#ifdef setsockopt
  error - already defined!
#endif
void setsockopt(int a, char b, int c, char d, int e, char f, int g, char h);

int main() {

; return 0; }
configure:4618: checking if snprintf is prototyped
configure:4644: gcc -c -g -O2 -fno-builtin  conftest.c 1>&5
configure:4637:6: error: conflicting types for 'snprintf'
void snprintf(int a, char b, int c, char d, int e, char f, int g, char h);
     ^
/data/data/com.termux/files/usr/include/stdio.h:300:5: note: previous declaration is here
int snprintf(char* __buf, size_t __size, const char* __fmt, ...) __printflike(3, 4);
    ^
1 error generated.
configure: failed program was:
#line 4628 "configure"
#include "confdefs.h"

#define NO_LIBRARY_PROTOTYPES
#define __COMM_C__
#define __ACT_OTHER_C__
#include "src/sysdep.h"
#ifdef snprintf
  error - already defined!
#endif
void snprintf(int a, char b, int c, char d, int e, char f, int g, char h);

int main() {

; return 0; }
configure:4675: checking if socket is prototyped
configure:4701: gcc -c -g -O2 -fno-builtin  conftest.c 1>&5
configure:4694:6: error: conflicting types for 'socket'
void socket(int a, char b, int c, char d, int e, char f, int g, char h);
     ^
/data/data/com.termux/files/usr/include/sys/socket.h:332:18: note: previous declaration is here
__socketcall int socket(int __af, int __type, int __protocol);
                 ^
1 error generated.
configure: failed program was:
#line 4685 "configure"
#include "confdefs.h"

#define NO_LIBRARY_PROTOTYPES
#define __COMM_C__
#define __ACT_OTHER_C__
#include "src/sysdep.h"
#ifdef socket
  error - already defined!
#endif
void socket(int a, char b, int c, char d, int e, char f, int g, char h);

int main() {

; return 0; }
configure:4732: checking if sprintf is prototyped
configure:4758: gcc -c -g -O2 -fno-builtin  conftest.c 1>&5
configure:4751:6: error: conflicting types for 'sprintf'
void sprintf(int a, char b, int c, char d, int e, char f, int g, char h);
     ^
/data/data/com.termux/files/usr/include/stdio.h:165:5: note: previous declaration is here
int sprintf(char* __s, const char* __fmt, ...)
    ^
1 error generated.
configure: failed program was:
#line 4742 "configure"
#include "confdefs.h"

#define NO_LIBRARY_PROTOTYPES
#define __COMM_C__
#define __ACT_OTHER_C__
#include "src/sysdep.h"
#ifdef sprintf
  error - already defined!
#endif
void sprintf(int a, char b, int c, char d, int e, char f, int g, char h);

int main() {

; return 0; }
configure:4789: checking if sscanf is prototyped
configure:4815: gcc -c -g -O2 -fno-builtin  conftest.c 1>&5
configure:4808:6: error: conflicting types for 'sscanf'
void sscanf(int a, char b, int c, char d, int e, char f, int g, char h);
     ^
/data/data/com.termux/files/usr/include/stdio.h:141:5: note: previous declaration is here
int sscanf(const char* __s, const char* __fmt, ...) __scanflike(2, 3);
    ^
1 error generated.
configure: failed program was:
#line 4799 "configure"
#include "confdefs.h"

#define NO_LIBRARY_PROTOTYPES
#define __COMM_C__
#define __ACT_OTHER_C__
#include "src/sysdep.h"
#ifdef sscanf
  error - already defined!
#endif
void sscanf(int a, char b, int c, char d, int e, char f, int g, char h);

int main() {

; return 0; }
configure:4846: checking if strcasecmp is prototyped
configure:4872: gcc -c -g -O2 -fno-builtin  conftest.c 1>&5
configure:4865:6: error: conflicting types for 'strcasecmp'
void strcasecmp(int a, char b, int c, char d, int e, char f, int g, char h);
     ^
/data/data/com.termux/files/usr/include/bits/strcasecmp.h:49:5: note: previous declaration is here
int strcasecmp(const char* __s1, const char* __s2) __attribute_pure__;
    ^
1 error generated.
configure: failed program was:
#line 4856 "configure"
#include "confdefs.h"

#define NO_LIBRARY_PROTOTYPES
#define __COMM_C__
#define __ACT_OTHER_C__
#include "src/sysdep.h"
#ifdef strcasecmp
  error - already defined!
#endif
void strcasecmp(int a, char b, int c, char d, int e, char f, int g, char h);

int main() {

; return 0; }
configure:4903: checking if strdup is prototyped
configure:4929: gcc -c -g -O2 -fno-builtin  conftest.c 1>&5
configure:4922:6: error: conflicting types for 'strdup'
void strdup(int a, char b, int c, char d, int e, char f, int g, char h);
     ^
/data/data/com.termux/files/usr/include/string.h:110:7: note: previous declaration is here
char* strdup(const char* __s);
      ^
1 error generated.
configure: failed program was:
#line 4913 "configure"
#include "confdefs.h"

#define NO_LIBRARY_PROTOTYPES
#define __COMM_C__
#define __ACT_OTHER_C__
#include "src/sysdep.h"
#ifdef strdup
  error - already defined!
#endif
void strdup(int a, char b, int c, char d, int e, char f, int g, char h);

int main() {

; return 0; }
configure:4960: checking if strerror is prototyped
configure:4986: gcc -c -g -O2 -fno-builtin  conftest.c 1>&5
configure:4979:6: error: conflicting types for 'strerror'
void strerror(int a, char b, int c, char d, int e, char f, int g, char h);
     ^
/data/data/com.termux/files/usr/include/string.h:122:7: note: previous declaration is here
char* strerror(int __errno_value);
      ^
1 error generated.
configure: failed program was:
#line 4970 "configure"
#include "confdefs.h"

#define NO_LIBRARY_PROTOTYPES
#define __COMM_C__
#define __ACT_OTHER_C__
#include "src/sysdep.h"
#ifdef strerror
  error - already defined!
#endif
void strerror(int a, char b, int c, char d, int e, char f, int g, char h);

int main() {

; return 0; }
configure:5017: checking if stricmp is prototyped
configure:5043: gcc -c -g -O2 -fno-builtin  conftest.c 1>&5
configure:5074: checking if strlcpy is prototyped
configure:5100: gcc -c -g -O2 -fno-builtin  conftest.c 1>&5
configure:5093:6: error: conflicting types for 'strlcpy'
void strlcpy(int a, char b, int c, char d, int e, char f, int g, char h);
     ^
/data/data/com.termux/files/usr/include/string.h:146:8: note: previous declaration is here
size_t strlcpy(char* __dst, const char* __src, size_t __n);
       ^
1 error generated.
configure: failed program was:
#line 5084 "configure"
#include "confdefs.h"

#define NO_LIBRARY_PROTOTYPES
#define __COMM_C__
#define __ACT_OTHER_C__
#include "src/sysdep.h"
#ifdef strlcpy
  error - already defined!
#endif
void strlcpy(int a, char b, int c, char d, int e, char f, int g, char h);

int main() {

; return 0; }
configure:5131: checking if strncasecmp is prototyped
configure:5157: gcc -c -g -O2 -fno-builtin  conftest.c 1>&5
configure:5150:6: error: conflicting types for 'strncasecmp'
void strncasecmp(int a, char b, int c, char d, int e, char f, int g, char h);
     ^
/data/data/com.termux/files/usr/include/bits/strcasecmp.h:68:5: note: previous declaration is here
int strncasecmp(const char* __s1, const char* __s2, size_t __n) __attribute_pure__;
    ^
1 error generated.
configure: failed program was:
#line 5141 "configure"
#include "confdefs.h"

#define NO_LIBRARY_PROTOTYPES
#define __COMM_C__
#define __ACT_OTHER_C__
#include "src/sysdep.h"
#ifdef strncasecmp
  error - already defined!
#endif
void strncasecmp(int a, char b, int c, char d, int e, char f, int g, char h);

int main() {

; return 0; }
configure:5188: checking if strnicmp is prototyped
configure:5214: gcc -c -g -O2 -fno-builtin  conftest.c 1>&5
configure:5245: checking if system is prototyped
configure:5271: gcc -c -g -O2 -fno-builtin  conftest.c 1>&5
configure:5264:6: error: conflicting types for 'system'
void system(int a, char b, int c, char d, int e, char f, int g, char h);
     ^
/data/data/com.termux/files/usr/include/stdlib.h:123:5: note: previous declaration is here
int system(const char* __command);
    ^
1 error generated.
configure: failed program was:
#line 5255 "configure"
#include "confdefs.h"

#define NO_LIBRARY_PROTOTYPES
#define __COMM_C__
#define __ACT_OTHER_C__
#include "src/sysdep.h"
#ifdef system
  error - already defined!
#endif
void system(int a, char b, int c, char d, int e, char f, int g, char h);

int main() {

; return 0; }
configure:5302: checking if time is prototyped
configure:5328: gcc -c -g -O2 -fno-builtin  conftest.c 1>&5
configure:5321:6: error: conflicting types for 'time'
void time(int a, char b, int c, char d, int e, char f, int g, char h);
     ^
/data/data/com.termux/files/usr/include/time.h:62:8: note: previous declaration is here
time_t time(time_t* __t);
       ^
1 error generated.
configure: failed program was:
#line 5312 "configure"
#include "confdefs.h"

#define NO_LIBRARY_PROTOTYPES
#define __COMM_C__
#define __ACT_OTHER_C__
#include "src/sysdep.h"
#ifdef time
  error - already defined!
#endif
void time(int a, char b, int c, char d, int e, char f, int g, char h);

int main() {

; return 0; }
configure:5359: checking if unlink is prototyped
configure:5385: gcc -c -g -O2 -fno-builtin  conftest.c 1>&5
configure:5378:6: error: conflicting types for 'unlink'
void unlink(int a, char b, int c, char d, int e, char f, int g, char h);
     ^
/data/data/com.termux/files/usr/include/unistd.h:230:5: note: previous declaration is here
int unlink(const char* __path);
    ^
1 error generated.
configure: failed program was:
#line 5369 "configure"
#include "confdefs.h"

#define NO_LIBRARY_PROTOTYPES
#define __COMM_C__
#define __ACT_OTHER_C__
#include "src/sysdep.h"
#ifdef unlink
  error - already defined!
#endif
void unlink(int a, char b, int c, char d, int e, char f, int g, char h);

int main() {

; return 0; }
configure:5416: checking if vsnprintf is prototyped
configure:5442: gcc -c -g -O2 -fno-builtin  conftest.c 1>&5
configure:5435:6: error: conflicting types for 'vsnprintf'
void vsnprintf(int a, char b, int c, char d, int e, char f, int g, char h);
     ^
/data/data/com.termux/files/usr/include/stdio.h:303:5: note: previous declaration is here
int vsnprintf(char* __buf, size_t __size, const char* __fmt, va_list __args) __printflike(3, 0);
    ^
1 error generated.
configure: failed program was:
#line 5426 "configure"
#include "confdefs.h"

#define NO_LIBRARY_PROTOTYPES
#define __COMM_C__
#define __ACT_OTHER_C__
#include "src/sysdep.h"
#ifdef vsnprintf
  error - already defined!
#endif
void vsnprintf(int a, char b, int c, char d, int e, char f, int g, char h);

int main() {

; return 0; }
configure:5473: checking if write is prototyped
configure:5499: gcc -c -g -O2 -fno-builtin  conftest.c 1>&5
configure:5492:6: error: conflicting types for 'write'
void write(int a, char b, int c, char d, int e, char f, int g, char h);
     ^
/data/data/com.termux/files/usr/include/unistd.h:271:9: note: previous declaration is here
ssize_t write(int __fd, const void* __buf, size_t __count);
        ^
1 error generated.
configure: failed program was:
#line 5483 "configure"
#include "confdefs.h"

#define NO_LIBRARY_PROTOTYPES
#define __COMM_C__
#define __ACT_OTHER_C__
#include "src/sysdep.h"
#ifdef write
  error - already defined!
#endif
void write(int a, char b, int c, char d, int e, char f, int g, char h);

int main() {

; return 0; }
